C:\TryingForTheLastTime\Angular5\Angular5\Frontend\dist\out-tsc\src\app\shared\helpers\url.helper.js
C:\TryingForTheLastTime\Angular5\Angular5\Frontend\dist\out-tsc\src\app\shared\helpers\url.helper.js.map
C:\TryingForTheLastTime\Angular5\Angular5\Frontend\dist\out-tsc\src\app\shared\services\theme.service.js
C:\TryingForTheLastTime\Angular5\Angular5\Frontend\dist\out-tsc\src\app\shared\services\theme.service.js.map
C:\TryingForTheLastTime\Angular5\Angular5\Frontend\dist\out-tsc\src\app\shared\services\layout.service.js
C:\TryingForTheLastTime\Angular5\Angular5\Frontend\dist\out-tsc\src\app\shared\services\layout.service.js.map
C:\TryingForTheLastTime\Angular5\Angular5\Frontend\dist\out-tsc\src\app\shared\components\layouts\admin-layout\admin-layout.component.js
C:\TryingForTheLastTime\Angular5\Angular5\Frontend\dist\out-tsc\src\app\shared\components\layouts\admin-layout\admin-layout.component.js.map
C:\TryingForTheLastTime\Angular5\Angular5\Frontend\dist\out-tsc\src\app\shared\components\layouts\auth-layout\auth-layout.component.js
C:\TryingForTheLastTime\Angular5\Angular5\Frontend\dist\out-tsc\src\app\shared\components\layouts\auth-layout\auth-layout.component.js.map
C:\TryingForTheLastTime\Angular5\Angular5\Frontend\dist\out-tsc\src\app\shared\services\auth\auth.guard.js
C:\TryingForTheLastTime\Angular5\Angular5\Frontend\dist\out-tsc\src\app\shared\services\auth\auth.guard.js.map
C:\TryingForTheLastTime\Angular5\Angular5\Frontend\dist\out-tsc\src\app\app.routing.js
C:\TryingForTheLastTime\Angular5\Angular5\Frontend\dist\out-tsc\src\app\app.routing.js.map
C:\TryingForTheLastTime\Angular5\Angular5\Frontend\dist\out-tsc\src\app\shared\components\header-side\header-side.component.js
C:\TryingForTheLastTime\Angular5\Angular5\Frontend\dist\out-tsc\src\app\shared\components\header-side\header-side.component.js.map
C:\TryingForTheLastTime\Angular5\Angular5\Frontend\dist\out-tsc\src\app\shared\services\navigation.service.js
C:\TryingForTheLastTime\Angular5\Angular5\Frontend\dist\out-tsc\src\app\shared\services\navigation.service.js.map
C:\TryingForTheLastTime\Angular5\Angular5\Frontend\dist\out-tsc\src\app\shared\components\sidebar-side\sidebar-side.component.js
C:\TryingForTheLastTime\Angular5\Angular5\Frontend\dist\out-tsc\src\app\shared\components\sidebar-side\sidebar-side.component.js.map
C:\TryingForTheLastTime\Angular5\Angular5\Frontend\dist\out-tsc\src\app\shared\components\header-top\header-top.component.js
C:\TryingForTheLastTime\Angular5\Angular5\Frontend\dist\out-tsc\src\app\shared\components\header-top\header-top.component.js.map
C:\TryingForTheLastTime\Angular5\Angular5\Frontend\dist\out-tsc\src\app\shared\components\sidebar-top\sidebar-top.component.js
C:\TryingForTheLastTime\Angular5\Angular5\Frontend\dist\out-tsc\src\app\shared\components\sidebar-top\sidebar-top.component.js.map
C:\TryingForTheLastTime\Angular5\Angular5\Frontend\dist\out-tsc\src\app\shared\components\customizer\customizer.component.js
C:\TryingForTheLastTime\Angular5\Angular5\Frontend\dist\out-tsc\src\app\shared\components\customizer\customizer.component.js.map
C:\TryingForTheLastTime\Angular5\Angular5\Frontend\dist\out-tsc\src\app\shared\components\notifications\notifications.component.js
C:\TryingForTheLastTime\Angular5\Angular5\Frontend\dist\out-tsc\src\app\shared\components\notifications\notifications.component.js.map
C:\TryingForTheLastTime\Angular5\Angular5\Frontend\dist\out-tsc\src\app\shared\components\sidenav\sidenav.component.js
C:\TryingForTheLastTime\Angular5\Angular5\Frontend\dist\out-tsc\src\app\shared\components\sidenav\sidenav.component.js.map
C:\TryingForTheLastTime\Angular5\Angular5\Frontend\dist\out-tsc\src\app\shared\services\route-parts.service.js
C:\TryingForTheLastTime\Angular5\Angular5\Frontend\dist\out-tsc\src\app\shared\services\route-parts.service.js.map
C:\TryingForTheLastTime\Angular5\Angular5\Frontend\dist\out-tsc\src\app\shared\components\breadcrumb\breadcrumb.component.js
C:\TryingForTheLastTime\Angular5\Angular5\Frontend\dist\out-tsc\src\app\shared\components\breadcrumb\breadcrumb.component.js.map
C:\TryingForTheLastTime\Angular5\Angular5\Frontend\dist\out-tsc\src\app\shared\directives\font-size.directive.js
C:\TryingForTheLastTime\Angular5\Angular5\Frontend\dist\out-tsc\src\app\shared\directives\font-size.directive.js.map
C:\TryingForTheLastTime\Angular5\Angular5\Frontend\dist\out-tsc\src\app\shared\directives\scroll-to.directive.js
C:\TryingForTheLastTime\Angular5\Angular5\Frontend\dist\out-tsc\src\app\shared\directives\scroll-to.directive.js.map
C:\TryingForTheLastTime\Angular5\Angular5\Frontend\dist\out-tsc\src\app\shared\directives\dropdown-link.directive.js
C:\TryingForTheLastTime\Angular5\Angular5\Frontend\dist\out-tsc\src\app\shared\directives\dropdown-link.directive.js.map
C:\TryingForTheLastTime\Angular5\Angular5\Frontend\dist\out-tsc\src\app\shared\directives\dropdown.directive.js
C:\TryingForTheLastTime\Angular5\Angular5\Frontend\dist\out-tsc\src\app\shared\directives\dropdown.directive.js.map
C:\TryingForTheLastTime\Angular5\Angular5\Frontend\dist\out-tsc\src\app\shared\directives\dropdown-anchor.directive.js
C:\TryingForTheLastTime\Angular5\Angular5\Frontend\dist\out-tsc\src\app\shared\directives\dropdown-anchor.directive.js.map
C:\TryingForTheLastTime\Angular5\Angular5\Frontend\dist\out-tsc\src\app\shared\pipes\relative-time.pipe.js
C:\TryingForTheLastTime\Angular5\Angular5\Frontend\dist\out-tsc\src\app\shared\pipes\relative-time.pipe.js.map
C:\TryingForTheLastTime\Angular5\Angular5\Frontend\dist\out-tsc\src\app\shared\pipes\excerpt.pipe.js
C:\TryingForTheLastTime\Angular5\Angular5\Frontend\dist\out-tsc\src\app\shared\pipes\excerpt.pipe.js.map
C:\TryingForTheLastTime\Angular5\Angular5\Frontend\dist\out-tsc\src\app\shared\shared.module.js
C:\TryingForTheLastTime\Angular5\Angular5\Frontend\dist\out-tsc\src\app\shared\shared.module.js.map
C:\TryingForTheLastTime\Angular5\Angular5\Frontend\dist\out-tsc\src\app\app.component.js
C:\TryingForTheLastTime\Angular5\Angular5\Frontend\dist\out-tsc\src\app\app.component.js.map
C:\TryingForTheLastTime\Angular5\Angular5\Frontend\dist\out-tsc\src\app\models\user.model.js
C:\TryingForTheLastTime\Angular5\Angular5\Frontend\dist\out-tsc\src\app\models\user.model.js.map
C:\TryingForTheLastTime\Angular5\Angular5\Frontend\dist\out-tsc\src\app\services\data.service.js
C:\TryingForTheLastTime\Angular5\Angular5\Frontend\dist\out-tsc\src\app\services\data.service.js.map
C:\TryingForTheLastTime\Angular5\Angular5\Frontend\dist\out-tsc\src\app\interceptors\headerinterceptor.js
C:\TryingForTheLastTime\Angular5\Angular5\Frontend\dist\out-tsc\src\app\interceptors\headerinterceptor.js.map
C:\TryingForTheLastTime\Angular5\Angular5\Frontend\dist\out-tsc\src\app\app.module.js
C:\TryingForTheLastTime\Angular5\Angular5\Frontend\dist\out-tsc\src\app\app.module.js.map
C:\TryingForTheLastTime\Angular5\Angular5\Frontend\dist\out-tsc\src\environments\environment.js
C:\TryingForTheLastTime\Angular5\Angular5\Frontend\dist\out-tsc\src\environments\environment.js.map
C:\TryingForTheLastTime\Angular5\Angular5\Frontend\dist\out-tsc\src\main.js
C:\TryingForTheLastTime\Angular5\Angular5\Frontend\dist\out-tsc\src\main.js.map
C:\TryingForTheLastTime\Angular5\Angular5\Frontend\dist\out-tsc\src\polyfills.js
C:\TryingForTheLastTime\Angular5\Angular5\Frontend\dist\out-tsc\src\polyfills.js.map
C:\TryingForTheLastTime\Angular5\Angular5\Frontend\dist\out-tsc\src\test.js
C:\TryingForTheLastTime\Angular5\Angular5\Frontend\dist\out-tsc\src\test.js.map
C:\TryingForTheLastTime\Angular5\Angular5\Frontend\dist\out-tsc\src\environments\environment.prod.js
C:\TryingForTheLastTime\Angular5\Angular5\Frontend\dist\out-tsc\src\environments\environment.prod.js.map
C:\TryingForTheLastTime\Angular5\Angular5\Frontend\dist\out-tsc\src\app\app.component.spec.js
C:\TryingForTheLastTime\Angular5\Angular5\Frontend\dist\out-tsc\src\app\app.component.spec.js.map
C:\TryingForTheLastTime\Angular5\Angular5\Frontend\dist\out-tsc\src\app\views\tables\tables.service.js
C:\TryingForTheLastTime\Angular5\Angular5\Frontend\dist\out-tsc\src\app\views\tables\tables.service.js.map
C:\TryingForTheLastTime\Angular5\Angular5\Frontend\dist\out-tsc\src\app\views\tables\filter-table\filter-table.component.js
C:\TryingForTheLastTime\Angular5\Angular5\Frontend\dist\out-tsc\src\app\views\tables\filter-table\filter-table.component.js.map
C:\TryingForTheLastTime\Angular5\Angular5\Frontend\dist\out-tsc\src\app\views\tables\fullscreen-table\fullscreen-table.component.js
C:\TryingForTheLastTime\Angular5\Angular5\Frontend\dist\out-tsc\src\app\views\tables\fullscreen-table\fullscreen-table.component.js.map
C:\TryingForTheLastTime\Angular5\Angular5\Frontend\dist\out-tsc\src\app\views\tables\paging-table\paging-table.component.js
C:\TryingForTheLastTime\Angular5\Angular5\Frontend\dist\out-tsc\src\app\views\tables\paging-table\paging-table.component.js.map
C:\TryingForTheLastTime\Angular5\Angular5\Frontend\dist\out-tsc\src\app\views\tables\tables.routing.js
C:\TryingForTheLastTime\Angular5\Angular5\Frontend\dist\out-tsc\src\app\views\tables\tables.routing.js.map
C:\TryingForTheLastTime\Angular5\Angular5\Frontend\dist\out-tsc\src\app\views\tables\tables.module.js
C:\TryingForTheLastTime\Angular5\Angular5\Frontend\dist\out-tsc\src\app\views\tables\tables.module.js.map
C:\TryingForTheLastTime\Angular5\Angular5\Frontend\dist\out-tsc\src\app\views\sessions\forgot-password\forgot-password.component.js
C:\TryingForTheLastTime\Angular5\Angular5\Frontend\dist\out-tsc\src\app\views\sessions\forgot-password\forgot-password.component.js.map
C:\TryingForTheLastTime\Angular5\Angular5\Frontend\dist\out-tsc\src\app\views\sessions\lockscreen\lockscreen.component.js
C:\TryingForTheLastTime\Angular5\Angular5\Frontend\dist\out-tsc\src\app\views\sessions\lockscreen\lockscreen.component.js.map
C:\TryingForTheLastTime\Angular5\Angular5\Frontend\dist\out-tsc\src\app\views\sessions\signin\signin.component.js
C:\TryingForTheLastTime\Angular5\Angular5\Frontend\dist\out-tsc\src\app\views\sessions\signin\signin.component.js.map
C:\TryingForTheLastTime\Angular5\Angular5\Frontend\dist\out-tsc\src\app\views\sessions\signup\signup.component.js
C:\TryingForTheLastTime\Angular5\Angular5\Frontend\dist\out-tsc\src\app\views\sessions\signup\signup.component.js.map
C:\TryingForTheLastTime\Angular5\Angular5\Frontend\dist\out-tsc\src\app\views\sessions\not-found\not-found.component.js
C:\TryingForTheLastTime\Angular5\Angular5\Frontend\dist\out-tsc\src\app\views\sessions\not-found\not-found.component.js.map
C:\TryingForTheLastTime\Angular5\Angular5\Frontend\dist\out-tsc\src\app\views\sessions\error\error.component.js
C:\TryingForTheLastTime\Angular5\Angular5\Frontend\dist\out-tsc\src\app\views\sessions\error\error.component.js.map
C:\TryingForTheLastTime\Angular5\Angular5\Frontend\dist\out-tsc\src\app\views\sessions\sessions.routing.js
C:\TryingForTheLastTime\Angular5\Angular5\Frontend\dist\out-tsc\src\app\views\sessions\sessions.routing.js.map
C:\TryingForTheLastTime\Angular5\Angular5\Frontend\dist\out-tsc\src\app\views\sessions\sessions.module.js
C:\TryingForTheLastTime\Angular5\Angular5\Frontend\dist\out-tsc\src\app\views\sessions\sessions.module.js.map
C:\TryingForTheLastTime\Angular5\Angular5\Frontend\dist\out-tsc\src\app\views\profile\profile.component.js
C:\TryingForTheLastTime\Angular5\Angular5\Frontend\dist\out-tsc\src\app\views\profile\profile.component.js.map
C:\TryingForTheLastTime\Angular5\Angular5\Frontend\dist\out-tsc\src\app\views\profile\profile-overview\profile-overview.component.js
C:\TryingForTheLastTime\Angular5\Angular5\Frontend\dist\out-tsc\src\app\views\profile\profile-overview\profile-overview.component.js.map
C:\TryingForTheLastTime\Angular5\Angular5\Frontend\dist\out-tsc\src\app\views\profile\profile-settings\profile-settings.component.js
C:\TryingForTheLastTime\Angular5\Angular5\Frontend\dist\out-tsc\src\app\views\profile\profile-settings\profile-settings.component.js.map
C:\TryingForTheLastTime\Angular5\Angular5\Frontend\dist\out-tsc\src\app\views\profile\profile-blank\profile-blank.component.js
C:\TryingForTheLastTime\Angular5\Angular5\Frontend\dist\out-tsc\src\app\views\profile\profile-blank\profile-blank.component.js.map
C:\TryingForTheLastTime\Angular5\Angular5\Frontend\dist\out-tsc\src\app\views\profile\profile.routing.js
C:\TryingForTheLastTime\Angular5\Angular5\Frontend\dist\out-tsc\src\app\views\profile\profile.routing.js.map
C:\TryingForTheLastTime\Angular5\Angular5\Frontend\dist\out-tsc\src\app\views\profile\profile.module.js
C:\TryingForTheLastTime\Angular5\Angular5\Frontend\dist\out-tsc\src\app\views\profile\profile.module.js.map
C:\TryingForTheLastTime\Angular5\Angular5\Frontend\dist\out-tsc\src\app\views\others\app-gallery\app-gallery.component.js
C:\TryingForTheLastTime\Angular5\Angular5\Frontend\dist\out-tsc\src\app\views\others\app-gallery\app-gallery.component.js.map
C:\TryingForTheLastTime\Angular5\Angular5\Frontend\dist\out-tsc\src\app\views\others\app-pricing\app-pricing.component.js
C:\TryingForTheLastTime\Angular5\Angular5\Frontend\dist\out-tsc\src\app\views\others\app-pricing\app-pricing.component.js.map
C:\TryingForTheLastTime\Angular5\Angular5\Frontend\dist\out-tsc\src\app\views\others\app-users\app-users.component.js
C:\TryingForTheLastTime\Angular5\Angular5\Frontend\dist\out-tsc\src\app\views\others\app-users\app-users.component.js.map
C:\TryingForTheLastTime\Angular5\Angular5\Frontend\dist\out-tsc\src\app\views\others\app-blank\app-blank.component.js
C:\TryingForTheLastTime\Angular5\Angular5\Frontend\dist\out-tsc\src\app\views\others\app-blank\app-blank.component.js.map
C:\TryingForTheLastTime\Angular5\Angular5\Frontend\dist\out-tsc\src\app\views\others\others.routing.js
C:\TryingForTheLastTime\Angular5\Angular5\Frontend\dist\out-tsc\src\app\views\others\others.routing.js.map
C:\TryingForTheLastTime\Angular5\Angular5\Frontend\dist\out-tsc\src\app\views\others\others.module.js
C:\TryingForTheLastTime\Angular5\Angular5\Frontend\dist\out-tsc\src\app\views\others\others.module.js.map
C:\TryingForTheLastTime\Angular5\Angular5\Frontend\dist\out-tsc\src\app\views\material\app-autocomplete\app-autocomplete.component.js
C:\TryingForTheLastTime\Angular5\Angular5\Frontend\dist\out-tsc\src\app\views\material\app-autocomplete\app-autocomplete.component.js.map
C:\TryingForTheLastTime\Angular5\Angular5\Frontend\dist\out-tsc\src\app\views\material\app-buttons\app-buttons.component.js
C:\TryingForTheLastTime\Angular5\Angular5\Frontend\dist\out-tsc\src\app\views\material\app-buttons\app-buttons.component.js.map
C:\TryingForTheLastTime\Angular5\Angular5\Frontend\dist\out-tsc\src\app\views\material\app-card\app-card.component.js
C:\TryingForTheLastTime\Angular5\Angular5\Frontend\dist\out-tsc\src\app\views\material\app-card\app-card.component.js.map
C:\TryingForTheLastTime\Angular5\Angular5\Frontend\dist\out-tsc\src\app\views\material\app-grid\app-grid.component.js
C:\TryingForTheLastTime\Angular5\Angular5\Frontend\dist\out-tsc\src\app\views\material\app-grid\app-grid.component.js.map
C:\TryingForTheLastTime\Angular5\Angular5\Frontend\dist\out-tsc\src\app\views\material\app-list\app-list.component.js
C:\TryingForTheLastTime\Angular5\Angular5\Frontend\dist\out-tsc\src\app\views\material\app-list\app-list.component.js.map
C:\TryingForTheLastTime\Angular5\Angular5\Frontend\dist\out-tsc\src\app\views\material\app-menu\app-menu.component.js
C:\TryingForTheLastTime\Angular5\Angular5\Frontend\dist\out-tsc\src\app\views\material\app-menu\app-menu.component.js.map
C:\TryingForTheLastTime\Angular5\Angular5\Frontend\dist\out-tsc\src\app\views\material\app-progress\app-progress.component.js
C:\TryingForTheLastTime\Angular5\Angular5\Frontend\dist\out-tsc\src\app\views\material\app-progress\app-progress.component.js.map
C:\TryingForTheLastTime\Angular5\Angular5\Frontend\dist\out-tsc\src\app\views\material\app-radio\app-radio.component.js
C:\TryingForTheLastTime\Angular5\Angular5\Frontend\dist\out-tsc\src\app\views\material\app-radio\app-radio.component.js.map
C:\TryingForTheLastTime\Angular5\Angular5\Frontend\dist\out-tsc\src\app\views\material\app-select\app-select.component.js
C:\TryingForTheLastTime\Angular5\Angular5\Frontend\dist\out-tsc\src\app\views\material\app-select\app-select.component.js.map
C:\TryingForTheLastTime\Angular5\Angular5\Frontend\dist\out-tsc\src\app\views\material\app-slider\app-slider.component.js
C:\TryingForTheLastTime\Angular5\Angular5\Frontend\dist\out-tsc\src\app\views\material\app-slider\app-slider.component.js.map
C:\TryingForTheLastTime\Angular5\Angular5\Frontend\dist\out-tsc\src\app\views\material\app-snackbar\app-snackbar.component.js
C:\TryingForTheLastTime\Angular5\Angular5\Frontend\dist\out-tsc\src\app\views\material\app-snackbar\app-snackbar.component.js.map
C:\TryingForTheLastTime\Angular5\Angular5\Frontend\dist\out-tsc\src\app\views\material\app-tab\app-tab.component.js
C:\TryingForTheLastTime\Angular5\Angular5\Frontend\dist\out-tsc\src\app\views\material\app-tab\app-tab.component.js.map
C:\TryingForTheLastTime\Angular5\Angular5\Frontend\dist\out-tsc\src\app\views\material\app-material.routing.js
C:\TryingForTheLastTime\Angular5\Angular5\Frontend\dist\out-tsc\src\app\views\material\app-material.routing.js.map
C:\TryingForTheLastTime\Angular5\Angular5\Frontend\dist\out-tsc\src\app\views\material\app-material.module.js
C:\TryingForTheLastTime\Angular5\Angular5\Frontend\dist\out-tsc\src\app\views\material\app-material.module.js.map
C:\TryingForTheLastTime\Angular5\Angular5\Frontend\dist\out-tsc\src\app\views\mat-icons\mat-icons.component.js
C:\TryingForTheLastTime\Angular5\Angular5\Frontend\dist\out-tsc\src\app\views\mat-icons\mat-icons.component.js.map
C:\TryingForTheLastTime\Angular5\Angular5\Frontend\dist\out-tsc\src\app\views\mat-icons\mat-icons.routing.js
C:\TryingForTheLastTime\Angular5\Angular5\Frontend\dist\out-tsc\src\app\views\mat-icons\mat-icons.routing.js.map
C:\TryingForTheLastTime\Angular5\Angular5\Frontend\dist\out-tsc\src\app\views\mat-icons\mat-icons.module.js
C:\TryingForTheLastTime\Angular5\Angular5\Frontend\dist\out-tsc\src\app\views\mat-icons\mat-icons.module.js.map
C:\TryingForTheLastTime\Angular5\Angular5\Frontend\dist\out-tsc\src\app\views\map\map.component.js
C:\TryingForTheLastTime\Angular5\Angular5\Frontend\dist\out-tsc\src\app\views\map\map.component.js.map
C:\TryingForTheLastTime\Angular5\Angular5\Frontend\dist\out-tsc\src\app\views\map\map.routing.js
C:\TryingForTheLastTime\Angular5\Angular5\Frontend\dist\out-tsc\src\app\views\map\map.routing.js.map
C:\TryingForTheLastTime\Angular5\Angular5\Frontend\dist\out-tsc\src\app\views\map\map.module.js
C:\TryingForTheLastTime\Angular5\Angular5\Frontend\dist\out-tsc\src\app\views\map\map.module.js.map
C:\TryingForTheLastTime\Angular5\Angular5\Frontend\dist\out-tsc\src\app\views\home\home.component.js
C:\TryingForTheLastTime\Angular5\Angular5\Frontend\dist\out-tsc\src\app\views\home\home.component.js.map
C:\TryingForTheLastTime\Angular5\Angular5\Frontend\dist\out-tsc\src\app\views\home\home.routing.js
C:\TryingForTheLastTime\Angular5\Angular5\Frontend\dist\out-tsc\src\app\views\home\home.routing.js.map
C:\TryingForTheLastTime\Angular5\Angular5\Frontend\dist\out-tsc\src\app\views\home\home.module.js
C:\TryingForTheLastTime\Angular5\Angular5\Frontend\dist\out-tsc\src\app\views\home\home.module.js.map
C:\TryingForTheLastTime\Angular5\Angular5\Frontend\dist\out-tsc\src\app\views\forms\basic-form\basic-form.component.js
C:\TryingForTheLastTime\Angular5\Angular5\Frontend\dist\out-tsc\src\app\views\forms\basic-form\basic-form.component.js.map
C:\TryingForTheLastTime\Angular5\Angular5\Frontend\dist\out-tsc\src\app\views\forms\rich-text-editor\rich-text-editor.component.js
C:\TryingForTheLastTime\Angular5\Angular5\Frontend\dist\out-tsc\src\app\views\forms\rich-text-editor\rich-text-editor.component.js.map
C:\TryingForTheLastTime\Angular5\Angular5\Frontend\dist\out-tsc\src\app\views\forms\file-upload\file-upload.component.js
C:\TryingForTheLastTime\Angular5\Angular5\Frontend\dist\out-tsc\src\app\views\forms\file-upload\file-upload.component.js.map
C:\TryingForTheLastTime\Angular5\Angular5\Frontend\dist\out-tsc\src\app\views\forms\wizard\wizard.component.js
C:\TryingForTheLastTime\Angular5\Angular5\Frontend\dist\out-tsc\src\app\views\forms\wizard\wizard.component.js.map
C:\TryingForTheLastTime\Angular5\Angular5\Frontend\dist\out-tsc\src\app\views\forms\forms.routing.js
C:\TryingForTheLastTime\Angular5\Angular5\Frontend\dist\out-tsc\src\app\views\forms\forms.routing.js.map
C:\TryingForTheLastTime\Angular5\Angular5\Frontend\dist\out-tsc\src\app\views\forms\forms.module.js
C:\TryingForTheLastTime\Angular5\Angular5\Frontend\dist\out-tsc\src\app\views\forms\forms.module.js.map
C:\TryingForTheLastTime\Angular5\Angular5\Frontend\dist\out-tsc\src\app\views\dragndrop\dragndrop.component.js
C:\TryingForTheLastTime\Angular5\Angular5\Frontend\dist\out-tsc\src\app\views\dragndrop\dragndrop.component.js.map
C:\TryingForTheLastTime\Angular5\Angular5\Frontend\dist\out-tsc\src\app\views\dragndrop\dragndrop.routing.js
C:\TryingForTheLastTime\Angular5\Angular5\Frontend\dist\out-tsc\src\app\views\dragndrop\dragndrop.routing.js.map
C:\TryingForTheLastTime\Angular5\Angular5\Frontend\dist\out-tsc\src\app\views\dragndrop\dragndrop.module.js
C:\TryingForTheLastTime\Angular5\Angular5\Frontend\dist\out-tsc\src\app\views\dragndrop\dragndrop.module.js.map
C:\TryingForTheLastTime\Angular5\Angular5\Frontend\dist\out-tsc\src\app\views\dashboard\dashboard.component.js
C:\TryingForTheLastTime\Angular5\Angular5\Frontend\dist\out-tsc\src\app\views\dashboard\dashboard.component.js.map
C:\TryingForTheLastTime\Angular5\Angular5\Frontend\dist\out-tsc\src\app\views\dashboard\dashboard.routing.js
C:\TryingForTheLastTime\Angular5\Angular5\Frontend\dist\out-tsc\src\app\views\dashboard\dashboard.routing.js.map
C:\TryingForTheLastTime\Angular5\Angular5\Frontend\dist\out-tsc\src\app\views\dashboard\dashboard.module.js
C:\TryingForTheLastTime\Angular5\Angular5\Frontend\dist\out-tsc\src\app\views\dashboard\dashboard.module.js.map
C:\TryingForTheLastTime\Angular5\Angular5\Frontend\dist\out-tsc\src\app\views\cruds\crud.service.js
C:\TryingForTheLastTime\Angular5\Angular5\Frontend\dist\out-tsc\src\app\views\cruds\crud.service.js.map
C:\TryingForTheLastTime\Angular5\Angular5\Frontend\dist\out-tsc\src\app\shared\services\app-confirm\app-confirm.component.js
C:\TryingForTheLastTime\Angular5\Angular5\Frontend\dist\out-tsc\src\app\shared\services\app-confirm\app-confirm.component.js.map
C:\TryingForTheLastTime\Angular5\Angular5\Frontend\dist\out-tsc\src\app\shared\services\app-confirm\app-confirm.service.js
C:\TryingForTheLastTime\Angular5\Angular5\Frontend\dist\out-tsc\src\app\shared\services\app-confirm\app-confirm.service.js.map
C:\TryingForTheLastTime\Angular5\Angular5\Frontend\dist\out-tsc\src\app\shared\services\app-confirm\app-confirm.module.js
C:\TryingForTheLastTime\Angular5\Angular5\Frontend\dist\out-tsc\src\app\shared\services\app-confirm\app-confirm.module.js.map
C:\TryingForTheLastTime\Angular5\Angular5\Frontend\dist\out-tsc\src\app\shared\services\app-loader\app-loader.component.js
C:\TryingForTheLastTime\Angular5\Angular5\Frontend\dist\out-tsc\src\app\shared\services\app-loader\app-loader.component.js.map
C:\TryingForTheLastTime\Angular5\Angular5\Frontend\dist\out-tsc\src\app\shared\services\app-loader\app-loader.service.js
C:\TryingForTheLastTime\Angular5\Angular5\Frontend\dist\out-tsc\src\app\shared\services\app-loader\app-loader.service.js.map
C:\TryingForTheLastTime\Angular5\Angular5\Frontend\dist\out-tsc\src\app\shared\services\app-loader\app-loader.module.js
C:\TryingForTheLastTime\Angular5\Angular5\Frontend\dist\out-tsc\src\app\shared\services\app-loader\app-loader.module.js.map
C:\TryingForTheLastTime\Angular5\Angular5\Frontend\dist\out-tsc\src\app\views\cruds\crud-ngx-table\ngx-table-popup\ngx-table-popup.component.js
C:\TryingForTheLastTime\Angular5\Angular5\Frontend\dist\out-tsc\src\app\views\cruds\crud-ngx-table\ngx-table-popup\ngx-table-popup.component.js.map
C:\TryingForTheLastTime\Angular5\Angular5\Frontend\dist\out-tsc\src\app\views\cruds\crud-ngx-table\crud-ngx-table.component.js
C:\TryingForTheLastTime\Angular5\Angular5\Frontend\dist\out-tsc\src\app\views\cruds\crud-ngx-table\crud-ngx-table.component.js.map
C:\TryingForTheLastTime\Angular5\Angular5\Frontend\dist\out-tsc\src\app\views\cruds\cruds.routing.js
C:\TryingForTheLastTime\Angular5\Angular5\Frontend\dist\out-tsc\src\app\views\cruds\cruds.routing.js.map
C:\TryingForTheLastTime\Angular5\Angular5\Frontend\dist\out-tsc\src\app\views\cruds\cruds.module.js
C:\TryingForTheLastTime\Angular5\Angular5\Frontend\dist\out-tsc\src\app\views\cruds\cruds.module.js.map
C:\TryingForTheLastTime\Angular5\Angular5\Frontend\dist\out-tsc\src\app\views\charts\charts.component.js
C:\TryingForTheLastTime\Angular5\Angular5\Frontend\dist\out-tsc\src\app\views\charts\charts.component.js.map
C:\TryingForTheLastTime\Angular5\Angular5\Frontend\dist\out-tsc\src\app\views\charts\charts.routing.js
C:\TryingForTheLastTime\Angular5\Angular5\Frontend\dist\out-tsc\src\app\views\charts\charts.routing.js.map
C:\TryingForTheLastTime\Angular5\Angular5\Frontend\dist\out-tsc\src\app\views\charts\charts.module.js
C:\TryingForTheLastTime\Angular5\Angular5\Frontend\dist\out-tsc\src\app\views\charts\charts.module.js.map
C:\TryingForTheLastTime\Angular5\Angular5\Frontend\dist\out-tsc\src\app\views\app-tour\app-tour.component.js
C:\TryingForTheLastTime\Angular5\Angular5\Frontend\dist\out-tsc\src\app\views\app-tour\app-tour.component.js.map
C:\TryingForTheLastTime\Angular5\Angular5\Frontend\dist\out-tsc\src\app\views\app-tour\app-tour.routing.js
C:\TryingForTheLastTime\Angular5\Angular5\Frontend\dist\out-tsc\src\app\views\app-tour\app-tour.routing.js.map
C:\TryingForTheLastTime\Angular5\Angular5\Frontend\dist\out-tsc\src\app\views\app-tour\app-tour.module.js
C:\TryingForTheLastTime\Angular5\Angular5\Frontend\dist\out-tsc\src\app\views\app-tour\app-tour.module.js.map
C:\TryingForTheLastTime\Angular5\Angular5\Frontend\dist\out-tsc\src\app\views\app-inbox\app-inbox.service.js
C:\TryingForTheLastTime\Angular5\Angular5\Frontend\dist\out-tsc\src\app\views\app-inbox\app-inbox.service.js.map
C:\TryingForTheLastTime\Angular5\Angular5\Frontend\dist\out-tsc\src\app\views\app-inbox\mail-compose.component.js
C:\TryingForTheLastTime\Angular5\Angular5\Frontend\dist\out-tsc\src\app\views\app-inbox\mail-compose.component.js.map
C:\TryingForTheLastTime\Angular5\Angular5\Frontend\dist\out-tsc\src\app\views\app-inbox\app-inbox.component.js
C:\TryingForTheLastTime\Angular5\Angular5\Frontend\dist\out-tsc\src\app\views\app-inbox\app-inbox.component.js.map
C:\TryingForTheLastTime\Angular5\Angular5\Frontend\dist\out-tsc\src\app\views\app-inbox\app-inbox.routing.js
C:\TryingForTheLastTime\Angular5\Angular5\Frontend\dist\out-tsc\src\app\views\app-inbox\app-inbox.routing.js.map
C:\TryingForTheLastTime\Angular5\Angular5\Frontend\dist\out-tsc\src\app\views\app-inbox\app-inbox.module.js
C:\TryingForTheLastTime\Angular5\Angular5\Frontend\dist\out-tsc\src\app\views\app-inbox\app-inbox.module.js.map
C:\TryingForTheLastTime\Angular5\Angular5\Frontend\dist\out-tsc\src\app\views\app-dialogs\confirm-dialog\confirm-dialog.component.js
C:\TryingForTheLastTime\Angular5\Angular5\Frontend\dist\out-tsc\src\app\views\app-dialogs\confirm-dialog\confirm-dialog.component.js.map
C:\TryingForTheLastTime\Angular5\Angular5\Frontend\dist\out-tsc\src\app\views\app-dialogs\loader-dialog\loader-dialog.component.js
C:\TryingForTheLastTime\Angular5\Angular5\Frontend\dist\out-tsc\src\app\views\app-dialogs\loader-dialog\loader-dialog.component.js.map
C:\TryingForTheLastTime\Angular5\Angular5\Frontend\dist\out-tsc\src\app\views\app-dialogs\app-dialogs.routing.js
C:\TryingForTheLastTime\Angular5\Angular5\Frontend\dist\out-tsc\src\app\views\app-dialogs\app-dialogs.routing.js.map
C:\TryingForTheLastTime\Angular5\Angular5\Frontend\dist\out-tsc\src\app\views\app-dialogs\app-dialogs.module.js
C:\TryingForTheLastTime\Angular5\Angular5\Frontend\dist\out-tsc\src\app\views\app-dialogs\app-dialogs.module.js.map
C:\TryingForTheLastTime\Angular5\Angular5\Frontend\dist\out-tsc\src\app\views\app-chats\app-chats.component.js
C:\TryingForTheLastTime\Angular5\Angular5\Frontend\dist\out-tsc\src\app\views\app-chats\app-chats.component.js.map
C:\TryingForTheLastTime\Angular5\Angular5\Frontend\dist\out-tsc\src\app\views\app-chats\app-chats.routing.js
C:\TryingForTheLastTime\Angular5\Angular5\Frontend\dist\out-tsc\src\app\views\app-chats\app-chats.routing.js.map
C:\TryingForTheLastTime\Angular5\Angular5\Frontend\dist\out-tsc\src\app\views\app-chats\app-chats.module.js
C:\TryingForTheLastTime\Angular5\Angular5\Frontend\dist\out-tsc\src\app\views\app-chats\app-chats.module.js.map
C:\TryingForTheLastTime\Angular5\Angular5\Frontend\dist\out-tsc\src\app\views\app-calendar\app-calendar.component.js
C:\TryingForTheLastTime\Angular5\Angular5\Frontend\dist\out-tsc\src\app\views\app-calendar\app-calendar.component.js.map
C:\TryingForTheLastTime\Angular5\Angular5\Frontend\dist\out-tsc\src\app\views\app-calendar\app-calendar.routing.js
C:\TryingForTheLastTime\Angular5\Angular5\Frontend\dist\out-tsc\src\app\views\app-calendar\app-calendar.routing.js.map
C:\TryingForTheLastTime\Angular5\Angular5\Frontend\dist\out-tsc\src\app\views\app-calendar\app-calendar.module.js
C:\TryingForTheLastTime\Angular5\Angular5\Frontend\dist\out-tsc\src\app\views\app-calendar\app-calendar.module.js.map
C:\TryingForTheLastTime\Angular5\Angular5\Frontend\dist\out-tsc\src\app\services\data.service.spec.js
C:\TryingForTheLastTime\Angular5\Angular5\Frontend\dist\out-tsc\src\app\services\data.service.spec.js.map
C:\TryingForTheLastTime\Angular5\Angular5\Frontend\dist\out-tsc\src\app\config\config.service.js
C:\TryingForTheLastTime\Angular5\Angular5\Frontend\dist\out-tsc\src\app\config\config.service.js.map
C:\TryingForTheLastTime\Angular5\Angular5\Frontend\dist\out-tsc\e2e\app.po.js
C:\TryingForTheLastTime\Angular5\Angular5\Frontend\dist\out-tsc\e2e\app.po.js.map
C:\TryingForTheLastTime\Angular5\Angular5\Frontend\dist\out-tsc\e2e\app.e2e-spec.js
C:\TryingForTheLastTime\Angular5\Angular5\Frontend\dist\out-tsc\e2e\app.e2e-spec.js.map
